[2025-04-17T14:31:11.986+0530][gc,init] CardTable entry size: 512
[2025-04-17T14:31:11.986+0530][gc     ] Using G1
[2025-04-17T14:31:11.987+0530][gc,init] Version: 21.0.3+9-LTS (release)
[2025-04-17T14:31:11.987+0530][gc,init] CPUs: 8 total, 8 available
[2025-04-17T14:31:11.987+0530][gc,init] Memory: 32768M
[2025-04-17T14:31:11.987+0530][gc,init] Large Page Support: Disabled
[2025-04-17T14:31:11.987+0530][gc,init] NUMA Support: Disabled
[2025-04-17T14:31:11.987+0530][gc,init] Compressed Oops: Enabled (Zero based)
[2025-04-17T14:31:11.987+0530][gc,init] Heap Region Size: 1M
[2025-04-17T14:31:11.987+0530][gc,init] Heap Min Capacity: 1G
[2025-04-17T14:31:11.987+0530][gc,init] Heap Initial Capacity: 1G
[2025-04-17T14:31:11.987+0530][gc,init] Heap Max Capacity: 1G
[2025-04-17T14:31:11.987+0530][gc,init] Pre-touch: Disabled
[2025-04-17T14:31:11.987+0530][gc,init] Parallel Workers: 8
[2025-04-17T14:31:11.987+0530][gc,init] Concurrent Workers: 2
[2025-04-17T14:31:11.987+0530][gc,init] Concurrent Refinement Workers: 8
[2025-04-17T14:31:11.987+0530][gc,init] Periodic GC: Disabled
[2025-04-17T14:31:11.991+0530][gc,metaspace] CDS archive(s) mapped at: [0x000000b000000000-0x000000b000ca4000-0x000000b000ca4000), size 13254656, SharedBaseAddress: 0x000000b000000000, ArchiveRelocationMode: 1.
[2025-04-17T14:31:11.991+0530][gc,metaspace] Compressed class space mapped at: 0x000000b001000000-0x000000b041000000, reserved size: 1073741824
[2025-04-17T14:31:11.991+0530][gc,metaspace] Narrow klass base: 0x000000b000000000, Narrow klass shift: 0, Narrow klass range: 0x100000000
[2025-04-17T14:31:12.562+0530][gc,start    ] GC(0) Pause Young (Normal) (G1 Evacuation Pause)
[2025-04-17T14:31:12.562+0530][gc,task     ] GC(0) Using 8 workers of 8 for evacuation
[2025-04-17T14:31:12.565+0530][gc,phases   ] GC(0)   Pre Evacuate Collection Set: 0.1ms
[2025-04-17T14:31:12.565+0530][gc,phases   ] GC(0)   Merge Heap Roots: 0.0ms
[2025-04-17T14:31:12.565+0530][gc,phases   ] GC(0)   Evacuate Collection Set: 2.2ms
[2025-04-17T14:31:12.565+0530][gc,phases   ] GC(0)   Post Evacuate Collection Set: 0.4ms
[2025-04-17T14:31:12.565+0530][gc,phases   ] GC(0)   Other: 0.2ms
[2025-04-17T14:31:12.565+0530][gc,heap     ] GC(0) Eden regions: 51->0(44)
[2025-04-17T14:31:12.565+0530][gc,heap     ] GC(0) Survivor regions: 0->7(7)
[2025-04-17T14:31:12.565+0530][gc,heap     ] GC(0) Old regions: 2->3
[2025-04-17T14:31:12.565+0530][gc,heap     ] GC(0) Humongous regions: 0->0
[2025-04-17T14:31:12.565+0530][gc,metaspace] GC(0) Metaspace: 17291K(17536K)->17291K(17536K) NonClass: 15262K(15424K)->15262K(15424K) Class: 2028K(2112K)->2028K(2112K)
[2025-04-17T14:31:12.565+0530][gc          ] GC(0) Pause Young (Normal) (G1 Evacuation Pause) 52M->8M(1024M) 3.126ms
[2025-04-17T14:31:12.565+0530][gc,cpu      ] GC(0) User=0.01s Sys=0.00s Real=0.00s
[2025-04-17T14:31:12.674+0530][gc,start    ] GC(1) Pause Young (Concurrent Start) (Metadata GC Threshold)
[2025-04-17T14:31:12.674+0530][gc,task     ] GC(1) Using 8 workers of 8 for evacuation
[2025-04-17T14:31:12.676+0530][gc,phases   ] GC(1)   Pre Evacuate Collection Set: 0.2ms
[2025-04-17T14:31:12.676+0530][gc,phases   ] GC(1)   Merge Heap Roots: 0.0ms
[2025-04-17T14:31:12.676+0530][gc,phases   ] GC(1)   Evacuate Collection Set: 2.0ms
[2025-04-17T14:31:12.676+0530][gc,phases   ] GC(1)   Post Evacuate Collection Set: 0.2ms
[2025-04-17T14:31:12.676+0530][gc,phases   ] GC(1)   Other: 0.0ms
[2025-04-17T14:31:12.676+0530][gc,heap     ] GC(1) Eden regions: 15->0(49)
[2025-04-17T14:31:12.676+0530][gc,heap     ] GC(1) Survivor regions: 7->2(7)
[2025-04-17T14:31:12.676+0530][gc,heap     ] GC(1) Old regions: 3->10
[2025-04-17T14:31:12.676+0530][gc,heap     ] GC(1) Humongous regions: 0->0
[2025-04-17T14:31:12.676+0530][gc,metaspace] GC(1) Metaspace: 21261K(21504K)->21261K(21504K) NonClass: 18754K(18880K)->18754K(18880K) Class: 2506K(2624K)->2506K(2624K)
[2025-04-17T14:31:12.676+0530][gc          ] GC(1) Pause Young (Concurrent Start) (Metadata GC Threshold) 23M->10M(1024M) 2.607ms
[2025-04-17T14:31:12.676+0530][gc,cpu      ] GC(1) User=0.01s Sys=0.00s Real=0.00s
[2025-04-17T14:31:12.676+0530][gc          ] GC(2) Concurrent Mark Cycle
[2025-04-17T14:31:12.676+0530][gc,marking  ] GC(2) Concurrent Scan Root Regions
[2025-04-17T14:31:12.678+0530][gc,marking  ] GC(2) Concurrent Scan Root Regions 1.253ms
[2025-04-17T14:31:12.678+0530][gc,marking  ] GC(2) Concurrent Mark
[2025-04-17T14:31:12.678+0530][gc,marking  ] GC(2) Concurrent Mark From Roots
[2025-04-17T14:31:12.678+0530][gc,task     ] GC(2) Using 2 workers of 2 for marking
[2025-04-17T14:31:12.678+0530][gc,marking  ] GC(2) Concurrent Mark From Roots 0.727ms
[2025-04-17T14:31:12.678+0530][gc,marking  ] GC(2) Concurrent Preclean
[2025-04-17T14:31:12.678+0530][gc,marking  ] GC(2) Concurrent Preclean 0.007ms
[2025-04-17T14:31:12.678+0530][gc,start    ] GC(2) Pause Remark
[2025-04-17T14:31:12.679+0530][gc          ] GC(2) Pause Remark 10M->10M(1024M) 0.982ms
[2025-04-17T14:31:12.679+0530][gc,cpu      ] GC(2) User=0.00s Sys=0.00s Real=0.00s
[2025-04-17T14:31:12.679+0530][gc,marking  ] GC(2) Concurrent Mark 1.913ms
[2025-04-17T14:31:12.679+0530][gc,marking  ] GC(2) Concurrent Rebuild Remembered Sets and Scrub Regions
[2025-04-17T14:31:12.681+0530][gc,marking  ] GC(2) Concurrent Rebuild Remembered Sets and Scrub Regions 1.137ms
[2025-04-17T14:31:12.681+0530][gc,start    ] GC(2) Pause Cleanup
[2025-04-17T14:31:12.681+0530][gc          ] GC(2) Pause Cleanup 10M->10M(1024M) 0.088ms
[2025-04-17T14:31:12.681+0530][gc,cpu      ] GC(2) User=0.00s Sys=0.00s Real=0.00s
[2025-04-17T14:31:12.681+0530][gc,marking  ] GC(2) Concurrent Clear Claimed Marks
[2025-04-17T14:31:12.681+0530][gc,marking  ] GC(2) Concurrent Clear Claimed Marks 0.016ms
[2025-04-17T14:31:12.681+0530][gc,marking  ] GC(2) Concurrent Cleanup for Next Mark
[2025-04-17T14:31:12.682+0530][gc,marking  ] GC(2) Concurrent Cleanup for Next Mark 1.193ms
[2025-04-17T14:31:12.682+0530][gc          ] GC(2) Concurrent Mark Cycle 5.794ms
[2025-04-17T14:31:12.960+0530][gc,start    ] GC(3) Pause Young (Prepare Mixed) (G1 Evacuation Pause)
[2025-04-17T14:31:12.960+0530][gc,task     ] GC(3) Using 8 workers of 8 for evacuation
[2025-04-17T14:31:12.962+0530][gc,phases   ] GC(3)   Pre Evacuate Collection Set: 0.2ms
[2025-04-17T14:31:12.962+0530][gc,phases   ] GC(3)   Merge Heap Roots: 0.1ms
[2025-04-17T14:31:12.962+0530][gc,phases   ] GC(3)   Evacuate Collection Set: 2.0ms
[2025-04-17T14:31:12.962+0530][gc,phases   ] GC(3)   Post Evacuate Collection Set: 0.2ms
[2025-04-17T14:31:12.962+0530][gc,phases   ] GC(3)   Other: 0.0ms
[2025-04-17T14:31:12.962+0530][gc,heap     ] GC(3) Eden regions: 49->0(44)
[2025-04-17T14:31:12.962+0530][gc,heap     ] GC(3) Survivor regions: 2->7(7)
[2025-04-17T14:31:12.962+0530][gc,heap     ] GC(3) Old regions: 10->10
[2025-04-17T14:31:12.962+0530][gc,heap     ] GC(3) Humongous regions: 129->129
[2025-04-17T14:31:12.962+0530][gc,metaspace] GC(3) Metaspace: 32882K(33152K)->32882K(33152K) NonClass: 29223K(29376K)->29223K(29376K) Class: 3659K(3776K)->3659K(3776K)
[2025-04-17T14:31:12.962+0530][gc          ] GC(3) Pause Young (Prepare Mixed) (G1 Evacuation Pause) 188M->144M(1024M) 2.617ms
[2025-04-17T14:31:12.962+0530][gc,cpu      ] GC(3) User=0.02s Sys=0.00s Real=0.00s
[2025-04-17T14:31:13.098+0530][gc,start    ] GC(4) Pause Young (Mixed) (Metadata GC Threshold)
[2025-04-17T14:31:13.098+0530][gc,task     ] GC(4) Using 8 workers of 8 for evacuation
[2025-04-17T14:31:13.100+0530][gc,phases   ] GC(4)   Pre Evacuate Collection Set: 0.2ms
[2025-04-17T14:31:13.100+0530][gc,phases   ] GC(4)   Merge Heap Roots: 0.0ms
[2025-04-17T14:31:13.100+0530][gc,phases   ] GC(4)   Evacuate Collection Set: 1.8ms
[2025-04-17T14:31:13.100+0530][gc,phases   ] GC(4)   Post Evacuate Collection Set: 0.2ms
[2025-04-17T14:31:13.100+0530][gc,phases   ] GC(4)   Other: 0.0ms
[2025-04-17T14:31:13.100+0530][gc,heap     ] GC(4) Eden regions: 12->0(50)
[2025-04-17T14:31:13.100+0530][gc,heap     ] GC(4) Survivor regions: 7->1(7)
[2025-04-17T14:31:13.100+0530][gc,heap     ] GC(4) Old regions: 10->15
[2025-04-17T14:31:13.100+0530][gc,heap     ] GC(4) Humongous regions: 129->129
[2025-04-17T14:31:13.100+0530][gc,metaspace] GC(4) Metaspace: 35743K(35968K)->35743K(35968K) NonClass: 31753K(31872K)->31753K(31872K) Class: 3990K(4096K)->3990K(4096K)
[2025-04-17T14:31:13.100+0530][gc          ] GC(4) Pause Young (Mixed) (Metadata GC Threshold) 155M->145M(1024M) 2.486ms
[2025-04-17T14:31:13.100+0530][gc,cpu      ] GC(4) User=0.01s Sys=0.01s Real=0.01s
[2025-04-17T14:31:13.109+0530][gc,start    ] GC(5) Pause Young (Concurrent Start) (Metadata GC Threshold)
[2025-04-17T14:31:13.109+0530][gc,task     ] GC(5) Using 8 workers of 8 for evacuation
[2025-04-17T14:31:13.110+0530][gc,phases   ] GC(5)   Pre Evacuate Collection Set: 0.2ms
[2025-04-17T14:31:13.110+0530][gc,phases   ] GC(5)   Merge Heap Roots: 0.0ms
[2025-04-17T14:31:13.110+0530][gc,phases   ] GC(5)   Evacuate Collection Set: 0.5ms
[2025-04-17T14:31:13.110+0530][gc,phases   ] GC(5)   Post Evacuate Collection Set: 0.2ms
[2025-04-17T14:31:13.110+0530][gc,phases   ] GC(5)   Other: 0.0ms
[2025-04-17T14:31:13.110+0530][gc,heap     ] GC(5) Eden regions: 2->0(50)
[2025-04-17T14:31:13.110+0530][gc,heap     ] GC(5) Survivor regions: 1->1(7)
[2025-04-17T14:31:13.110+0530][gc,heap     ] GC(5) Old regions: 15->15
[2025-04-17T14:31:13.110+0530][gc,heap     ] GC(5) Humongous regions: 129->129
[2025-04-17T14:31:13.110+0530][gc,metaspace] GC(5) Metaspace: 36049K(36288K)->36049K(36288K) NonClass: 32007K(32128K)->32007K(32128K) Class: 4042K(4160K)->4042K(4160K)
[2025-04-17T14:31:13.110+0530][gc          ] GC(5) Pause Young (Concurrent Start) (Metadata GC Threshold) 146M->144M(1024M) 1.049ms
[2025-04-17T14:31:13.110+0530][gc,cpu      ] GC(5) User=0.01s Sys=0.00s Real=0.01s
[2025-04-17T14:31:13.110+0530][gc          ] GC(6) Concurrent Mark Cycle
[2025-04-17T14:31:13.110+0530][gc,marking  ] GC(6) Concurrent Scan Root Regions
[2025-04-17T14:31:13.110+0530][gc,marking  ] GC(6) Concurrent Scan Root Regions 0.553ms
[2025-04-17T14:31:13.110+0530][gc,marking  ] GC(6) Concurrent Mark
[2025-04-17T14:31:13.110+0530][gc,marking  ] GC(6) Concurrent Mark From Roots
[2025-04-17T14:31:13.110+0530][gc,task     ] GC(6) Using 2 workers of 2 for marking
[2025-04-17T14:31:13.116+0530][gc,marking  ] GC(6) Concurrent Mark From Roots 6.132ms
[2025-04-17T14:31:13.116+0530][gc,marking  ] GC(6) Concurrent Preclean
[2025-04-17T14:31:13.116+0530][gc,marking  ] GC(6) Concurrent Preclean 0.024ms
[2025-04-17T14:31:13.116+0530][gc,start    ] GC(6) Pause Remark
[2025-04-17T14:31:13.118+0530][gc          ] GC(6) Pause Remark 145M->145M(1024M) 1.144ms
[2025-04-17T14:31:13.118+0530][gc,cpu      ] GC(6) User=0.01s Sys=0.00s Real=0.00s
[2025-04-17T14:31:13.118+0530][gc,marking  ] GC(6) Concurrent Mark 7.446ms
[2025-04-17T14:31:13.118+0530][gc,marking  ] GC(6) Concurrent Rebuild Remembered Sets and Scrub Regions
[2025-04-17T14:31:13.120+0530][gc,marking  ] GC(6) Concurrent Rebuild Remembered Sets and Scrub Regions 2.236ms
[2025-04-17T14:31:13.120+0530][gc,start    ] GC(6) Pause Cleanup
[2025-04-17T14:31:13.120+0530][gc          ] GC(6) Pause Cleanup 145M->145M(1024M) 0.068ms
[2025-04-17T14:31:13.120+0530][gc,cpu      ] GC(6) User=0.00s Sys=0.00s Real=0.00s
[2025-04-17T14:31:13.120+0530][gc,marking  ] GC(6) Concurrent Clear Claimed Marks
[2025-04-17T14:31:13.120+0530][gc,marking  ] GC(6) Concurrent Clear Claimed Marks 0.010ms
[2025-04-17T14:31:13.120+0530][gc,marking  ] GC(6) Concurrent Cleanup for Next Mark
[2025-04-17T14:31:13.121+0530][gc,marking  ] GC(6) Concurrent Cleanup for Next Mark 0.488ms
[2025-04-17T14:31:13.121+0530][gc          ] GC(6) Concurrent Mark Cycle 10.960ms
