[2025-04-17 14:17:53,432] INFO [Controller id=0 epoch=1] Sending UpdateMetadata request to brokers HashSet(0) for 0 partitions (state.change.logger)
[2025-04-17 14:31:04,934] INFO [Controller id=0 epoch=1] Sending UpdateMetadata request to brokers HashSet() for 0 partitions (state.change.logger)
[2025-04-17 14:31:12,969] INFO [Controller id=0 epoch=2] Sending UpdateMetadata request to brokers HashSet(0) for 0 partitions (state.change.logger)
[2025-04-17 14:43:53,828] INFO [Controller id=0 epoch=2] Changed partition my-topic-0 state from NonExistentPartition to NewPartition with assigned replicas 0 (state.change.logger)
[2025-04-17 14:43:53,828] INFO [Controller id=0 epoch=2] Sending UpdateMetadata request to brokers HashSet() for 0 partitions (state.change.logger)
[2025-04-17 14:43:53,829] INFO [Controller id=0 epoch=2] Sending UpdateMetadata request to brokers HashSet() for 0 partitions (state.change.logger)
[2025-04-17 14:43:53,850] INFO [Controller id=0 epoch=2] Changed partition my-topic-0 from NewPartition to OnlinePartition with state LeaderAndIsr(leader=0, leaderEpoch=0, isrWithBrokerEpoch=List(BrokerState(brokerId=0, brokerEpoch=-1)), leaderRecoveryState=RECOVERED, partitionEpoch=0) (state.change.logger)
[2025-04-17 14:43:53,851] INFO [Controller id=0 epoch=2] Sending LeaderAndIsr request to broker 0 with 1 become-leader and 0 become-follower partitions (state.change.logger)
[2025-04-17 14:43:53,852] INFO [Controller id=0 epoch=2] Sending UpdateMetadata request to brokers HashSet(0) for 1 partitions (state.change.logger)
[2025-04-17 14:43:53,852] INFO [Controller id=0 epoch=2] Sending UpdateMetadata request to brokers HashSet() for 0 partitions (state.change.logger)
[2025-04-17 14:43:53,855] INFO [Broker id=0] Handling LeaderAndIsr request correlationId 1 from controller 0 for 1 partitions (state.change.logger)
[2025-04-17 14:43:53,863] INFO [Broker id=0] Stopped fetchers as part of LeaderAndIsr request correlationId 1 from controller 0 epoch 2 as part of the become-leader transition for 1 partitions (state.change.logger)
[2025-04-17 14:43:53,900] INFO [Broker id=0] Leader my-topic-0 with topic id Some(dsJbOZvqSYGij9CzMU_jXw) starts at leader epoch 0 from offset 0 with partition epoch 0, high watermark 0, ISR [0], adding replicas [] and removing replicas [] . Previous leader None and previous leader epoch was -1. (state.change.logger)
[2025-04-17 14:43:53,910] INFO [Broker id=0] Finished LeaderAndIsr request in 56ms correlationId 1 from controller 0 for 1 partitions (state.change.logger)
[2025-04-17 14:43:53,914] INFO [Broker id=0] Add 1 partitions and deleted 0 partitions from metadata cache in response to UpdateMetadata request sent by controller 0 epoch 2 with correlation id 2 (state.change.logger)
[2025-04-17 14:44:43,244] INFO [Controller id=0 epoch=2] Changed partition logs-0 state from NonExistentPartition to NewPartition with assigned replicas 0 (state.change.logger)
[2025-04-17 14:44:43,244] INFO [Controller id=0 epoch=2] Sending UpdateMetadata request to brokers HashSet() for 0 partitions (state.change.logger)
[2025-04-17 14:44:43,244] INFO [Controller id=0 epoch=2] Sending UpdateMetadata request to brokers HashSet() for 0 partitions (state.change.logger)
[2025-04-17 14:44:43,259] INFO [Controller id=0 epoch=2] Changed partition logs-0 from NewPartition to OnlinePartition with state LeaderAndIsr(leader=0, leaderEpoch=0, isrWithBrokerEpoch=List(BrokerState(brokerId=0, brokerEpoch=-1)), leaderRecoveryState=RECOVERED, partitionEpoch=0) (state.change.logger)
[2025-04-17 14:44:43,259] INFO [Controller id=0 epoch=2] Sending LeaderAndIsr request to broker 0 with 1 become-leader and 0 become-follower partitions (state.change.logger)
[2025-04-17 14:44:43,259] INFO [Controller id=0 epoch=2] Sending UpdateMetadata request to brokers HashSet(0) for 1 partitions (state.change.logger)
[2025-04-17 14:44:43,259] INFO [Controller id=0 epoch=2] Sending UpdateMetadata request to brokers HashSet() for 0 partitions (state.change.logger)
[2025-04-17 14:44:43,259] INFO [Broker id=0] Handling LeaderAndIsr request correlationId 3 from controller 0 for 1 partitions (state.change.logger)
[2025-04-17 14:44:43,260] INFO [Broker id=0] Stopped fetchers as part of LeaderAndIsr request correlationId 3 from controller 0 epoch 2 as part of the become-leader transition for 1 partitions (state.change.logger)
[2025-04-17 14:44:43,264] INFO [Broker id=0] Leader logs-0 with topic id Some(iNjw4EAjRGqNlAmbxQNFnw) starts at leader epoch 0 from offset 0 with partition epoch 0, high watermark 0, ISR [0], adding replicas [] and removing replicas [] . Previous leader None and previous leader epoch was -1. (state.change.logger)
[2025-04-17 14:44:43,272] INFO [Broker id=0] Finished LeaderAndIsr request in 13ms correlationId 3 from controller 0 for 1 partitions (state.change.logger)
[2025-04-17 14:44:43,273] INFO [Broker id=0] Add 1 partitions and deleted 0 partitions from metadata cache in response to UpdateMetadata request sent by controller 0 epoch 2 with correlation id 4 (state.change.logger)
[2025-04-17 14:46:07,605] INFO [Controller id=0 epoch=2] Changed partition users-0 state from NonExistentPartition to NewPartition with assigned replicas 0 (state.change.logger)
[2025-04-17 14:46:07,605] INFO [Controller id=0 epoch=2] Changed partition users-1 state from NonExistentPartition to NewPartition with assigned replicas 0 (state.change.logger)
[2025-04-17 14:46:07,605] INFO [Controller id=0 epoch=2] Changed partition users-2 state from NonExistentPartition to NewPartition with assigned replicas 0 (state.change.logger)
[2025-04-17 14:46:07,605] INFO [Controller id=0 epoch=2] Sending UpdateMetadata request to brokers HashSet() for 0 partitions (state.change.logger)
[2025-04-17 14:46:07,606] INFO [Controller id=0 epoch=2] Sending UpdateMetadata request to brokers HashSet() for 0 partitions (state.change.logger)
[2025-04-17 14:46:07,632] INFO [Controller id=0 epoch=2] Changed partition users-0 from NewPartition to OnlinePartition with state LeaderAndIsr(leader=0, leaderEpoch=0, isrWithBrokerEpoch=List(BrokerState(brokerId=0, brokerEpoch=-1)), leaderRecoveryState=RECOVERED, partitionEpoch=0) (state.change.logger)
[2025-04-17 14:46:07,632] INFO [Controller id=0 epoch=2] Changed partition users-1 from NewPartition to OnlinePartition with state LeaderAndIsr(leader=0, leaderEpoch=0, isrWithBrokerEpoch=List(BrokerState(brokerId=0, brokerEpoch=-1)), leaderRecoveryState=RECOVERED, partitionEpoch=0) (state.change.logger)
[2025-04-17 14:46:07,632] INFO [Controller id=0 epoch=2] Changed partition users-2 from NewPartition to OnlinePartition with state LeaderAndIsr(leader=0, leaderEpoch=0, isrWithBrokerEpoch=List(BrokerState(brokerId=0, brokerEpoch=-1)), leaderRecoveryState=RECOVERED, partitionEpoch=0) (state.change.logger)
[2025-04-17 14:46:07,632] INFO [Controller id=0 epoch=2] Sending LeaderAndIsr request to broker 0 with 3 become-leader and 0 become-follower partitions (state.change.logger)
[2025-04-17 14:46:07,632] INFO [Controller id=0 epoch=2] Sending UpdateMetadata request to brokers HashSet(0) for 3 partitions (state.change.logger)
[2025-04-17 14:46:07,633] INFO [Controller id=0 epoch=2] Sending UpdateMetadata request to brokers HashSet() for 0 partitions (state.change.logger)
[2025-04-17 14:46:07,633] INFO [Broker id=0] Handling LeaderAndIsr request correlationId 5 from controller 0 for 3 partitions (state.change.logger)
[2025-04-17 14:46:07,634] INFO [Broker id=0] Stopped fetchers as part of LeaderAndIsr request correlationId 5 from controller 0 epoch 2 as part of the become-leader transition for 3 partitions (state.change.logger)
[2025-04-17 14:46:07,637] INFO [Broker id=0] Leader users-0 with topic id Some(Rt5BE5GuTLK7XuHhI6ItGw) starts at leader epoch 0 from offset 0 with partition epoch 0, high watermark 0, ISR [0], adding replicas [] and removing replicas [] . Previous leader None and previous leader epoch was -1. (state.change.logger)
[2025-04-17 14:46:07,647] INFO [Broker id=0] Leader users-1 with topic id Some(Rt5BE5GuTLK7XuHhI6ItGw) starts at leader epoch 0 from offset 0 with partition epoch 0, high watermark 0, ISR [0], adding replicas [] and removing replicas [] . Previous leader None and previous leader epoch was -1. (state.change.logger)
[2025-04-17 14:46:07,660] INFO [Broker id=0] Leader users-2 with topic id Some(Rt5BE5GuTLK7XuHhI6ItGw) starts at leader epoch 0 from offset 0 with partition epoch 0, high watermark 0, ISR [0], adding replicas [] and removing replicas [] . Previous leader None and previous leader epoch was -1. (state.change.logger)
[2025-04-17 14:46:07,664] INFO [Broker id=0] Finished LeaderAndIsr request in 31ms correlationId 5 from controller 0 for 3 partitions (state.change.logger)
[2025-04-17 14:46:07,665] INFO [Broker id=0] Add 3 partitions and deleted 0 partitions from metadata cache in response to UpdateMetadata request sent by controller 0 epoch 2 with correlation id 6 (state.change.logger)
