[2025-04-17T14:15:46.267+0530][gc,init] CardTable entry size: 512
[2025-04-17T14:15:46.267+0530][gc     ] Using G1
[2025-04-17T14:15:46.268+0530][gc,init] Version: 21.0.3+9-LTS (release)
[2025-04-17T14:15:46.268+0530][gc,init] CPUs: 8 total, 8 available
[2025-04-17T14:15:46.268+0530][gc,init] Memory: 32768M
[2025-04-17T14:15:46.268+0530][gc,init] Large Page Support: Disabled
[2025-04-17T14:15:46.268+0530][gc,init] NUMA Support: Disabled
[2025-04-17T14:15:46.268+0530][gc,init] Compressed Oops: Enabled (Zero based)
[2025-04-17T14:15:46.268+0530][gc,init] Heap Region Size: 1M
[2025-04-17T14:15:46.268+0530][gc,init] Heap Min Capacity: 512M
[2025-04-17T14:15:46.268+0530][gc,init] Heap Initial Capacity: 512M
[2025-04-17T14:15:46.268+0530][gc,init] Heap Max Capacity: 512M
[2025-04-17T14:15:46.268+0530][gc,init] Pre-touch: Disabled
[2025-04-17T14:15:46.268+0530][gc,init] Parallel Workers: 8
[2025-04-17T14:15:46.268+0530][gc,init] Concurrent Workers: 2
[2025-04-17T14:15:46.268+0530][gc,init] Concurrent Refinement Workers: 8
[2025-04-17T14:15:46.268+0530][gc,init] Periodic GC: Disabled
[2025-04-17T14:15:46.272+0530][gc,metaspace] CDS archive(s) mapped at: [0x0000000500000000-0x0000000500ca4000-0x0000000500ca4000), size 13254656, SharedBaseAddress: 0x0000000500000000, ArchiveRelocationMode: 1.
[2025-04-17T14:15:46.272+0530][gc,metaspace] Compressed class space mapped at: 0x0000000501000000-0x0000000541000000, reserved size: 1073741824
[2025-04-17T14:15:46.272+0530][gc,metaspace] Narrow klass base: 0x0000000500000000, Narrow klass shift: 0, Narrow klass range: 0x100000000
[2025-04-17T14:15:46.695+0530][gc,start    ] GC(0) Pause Young (Normal) (G1 Evacuation Pause)
[2025-04-17T14:15:46.695+0530][gc,task     ] GC(0) Using 8 workers of 8 for evacuation
[2025-04-17T14:15:46.697+0530][gc,phases   ] GC(0)   Pre Evacuate Collection Set: 0.1ms
[2025-04-17T14:15:46.697+0530][gc,phases   ] GC(0)   Merge Heap Roots: 0.0ms
[2025-04-17T14:15:46.697+0530][gc,phases   ] GC(0)   Evacuate Collection Set: 1.9ms
[2025-04-17T14:15:46.697+0530][gc,phases   ] GC(0)   Post Evacuate Collection Set: 0.2ms
[2025-04-17T14:15:46.697+0530][gc,phases   ] GC(0)   Other: 0.1ms
[2025-04-17T14:15:46.698+0530][gc,heap     ] GC(0) Eden regions: 25->0(21)
[2025-04-17T14:15:46.698+0530][gc,heap     ] GC(0) Survivor regions: 0->4(4)
[2025-04-17T14:15:46.698+0530][gc,heap     ] GC(0) Old regions: 2->7
[2025-04-17T14:15:46.698+0530][gc,heap     ] GC(0) Humongous regions: 0->0
[2025-04-17T14:15:46.698+0530][gc,metaspace] GC(0) Metaspace: 8229K(8448K)->8229K(8448K) NonClass: 7351K(7424K)->7351K(7424K) Class: 878K(1024K)->878K(1024K)
[2025-04-17T14:15:46.698+0530][gc          ] GC(0) Pause Young (Normal) (G1 Evacuation Pause) 26M->9M(512M) 2.568ms
[2025-04-17T14:15:46.698+0530][gc,cpu      ] GC(0) User=0.01s Sys=0.01s Real=0.00s
